<?xml version="1.0" encoding="UTF-8"?>
<!-- Generated by org.testng.reporters.JUnitXMLReporter -->
<testsuite hostname="Admin" ignored="3" name="Existing User Tests" tests="9" failures="0" timestamp="02 Mar 2020 16:57:33 GMT" time="899.179" errors="0">
  <testcase name="existingCustomerCreditCardMethodTest" time="70.207" classname="Blume2000.accountTypeExistingCustomer"/>
  <testcase name="existingCustomerInvoiceMethodTest" time="63.839" classname="Blume2000.accountTypeExistingCustomer"/>
  <testcase name="existingCustomerPaypalMethodTest" time="118.342" classname="Blume2000.accountTypeExistingCustomer"/>
  <testcase name="existingCustomerPaypalMethodTopsellerTest" time="111.636" classname="Blume2000.accountTypeExistingCustomer"/>
  <testcase name="existingCustomerPreLoginCreditCardMethodTest" time="103.764" classname="Blume2000.accountTypeExistingCustomer"/>
  <testcase name="existingCustomerPreLoginInvoiceMethodTest" time="72.187" classname="Blume2000.accountTypeExistingCustomer"/>
  <testcase name="existingCustomerPreLoginPaypalMethodTest" time="126.369" classname="Blume2000.accountTypeExistingCustomer"/>
  <testcase name="existingCustomerPreLoginSEPADirectDebitMethodTest" time="76.943" classname="Blume2000.accountTypeExistingCustomer"/>
  <testcase name="existingCustomerSEPADirectDebitMethodTest" time="66.721" classname="Blume2000.accountTypeExistingCustomer"/>
  <testcase name="existingCustomerPreLoginGiftSetsCreditCardMethodTest" time="0.0" classname="Blume2000.accountTypeExistingCustomer">
    <ignored/>
  </testcase> <!-- existingCustomerPreLoginGiftSetsCreditCardMethodTest -->
  <testcase name="existingCustomerRatePayMethodTest" time="0.0" classname="Blume2000.accountTypeExistingCustomer">
    <ignored/>
  </testcase> <!-- existingCustomerRatePayMethodTest -->
  <testcase name="existingCustomerPreLoginRatePayMethodTest" time="0.0" classname="Blume2000.accountTypeExistingCustomer">
    <ignored/>
  </testcase> <!-- existingCustomerPreLoginRatePayMethodTest -->
</testsuite> <!-- Existing User Tests -->
