<?xml version="1.0" encoding="UTF-8"?>
<!-- Generated by org.testng.reporters.JUnitXMLReporter -->
<testsuite hostname="Admin" ignored="2" name="Guest User Tests" tests="4" failures="0" timestamp="02 Mar 2020 16:42:34 GMT" time="391.776" errors="0">
  <testcase name="guestCustomerCreditCardMethodTest" time="91.54" classname="Blume2000.accountTypeGuestCustomer"/>
  <testcase name="guestCustomerPaypalMethodTest" time="122.122" classname="Blume2000.accountTypeGuestCustomer"/>
  <testcase name="guestCustomerRatePayMethodTest" time="71.338" classname="Blume2000.accountTypeGuestCustomer"/>
  <testcase name="guestCustomerSEPADebitCardMethodTest" time="68.367" classname="Blume2000.accountTypeGuestCustomer"/>
  <testcase name="guestCustomerInvoiceMethodTest" time="0.0" classname="Blume2000.accountTypeGuestCustomer">
    <ignored/>
  </testcase> <!-- guestCustomerInvoiceMethodTest -->
  <testcase name="guestCustomerInvoiceMethodTopsellerTest" time="0.0" classname="Blume2000.accountTypeGuestCustomer">
    <ignored/>
  </testcase> <!-- guestCustomerInvoiceMethodTopsellerTest -->
</testsuite> <!-- Guest User Tests -->
