<?xml version="1.0" encoding="UTF-8"?>
<!-- Generated by org.testng.reporters.JUnitXMLReporter -->
<testsuite hostname="Admin" ignored="0" name="Login Page Tests" tests="2" failures="2" timestamp="22 Jan 2019 06:43:34 GMT" time="90.321" errors="0">
  <testcase name="loginTest" time="3.237" classname="Blume2000.loginPageTest">
    <failure type="java.lang.AssertionError" message="expected [Ich2 bin bereits Kunde bei Blume2000.de] but found [Ich bin bereits Kunde bei Blume2000.de]">
      <![CDATA[java.lang.AssertionError: expected [Ich2 bin bereits Kunde bei Blume2000.de] but found [Ich bin bereits Kunde bei Blume2000.de]
at Blume2000.loginPageTest.loginTest(loginPageTest.java:35)
... Removed 31 stack frames]]>
    </failure>
  </testcase> <!-- loginTest -->
  <testcase name="loginTest" time="3.261" classname="Blume2000.loginPageTest">
    <failure type="java.lang.AssertionError" message="expected [Ich2 bin bereits Kunde bei Blume2000.de] but found [Ich bin bereits Kunde bei Blume2000.de]">
      <![CDATA[java.lang.AssertionError: expected [Ich2 bin bereits Kunde bei Blume2000.de] but found [Ich bin bereits Kunde bei Blume2000.de]
at Blume2000.loginPageTest.loginTest(loginPageTest.java:35)
... Removed 31 stack frames]]>
    </failure>
  </testcase> <!-- loginTest -->
</testsuite> <!-- Login Page Tests -->
