<?xml version="1.0" encoding="UTF-8"?>
<!-- Generated by org.testng.reporters.JUnitXMLReporter -->
<testsuite hostname="Admin" ignored="4" name="Test" tests="1" failures="0" timestamp="06 Jul 2021 03:12:31 GMT" time="46.089" errors="0">
  <testcase name="verifyUserAccountCreationErrorMessageFirstName" time="28.289" classname="automationPracticeCloudSufi.sampleTest2"/>
  <testcase name="verifyNewUserAccountCreation" time="0.0" classname="automationPracticeCloudSufi.sampleTest2">
    <ignored/>
  </testcase> <!-- verifyNewUserAccountCreation -->
  <testcase name="verifyVisibilityOfCreateAnAccountButton" time="0.0" classname="automationPracticeCloudSufi.sampleTest2">
    <ignored/>
  </testcase> <!-- verifyVisibilityOfCreateAnAccountButton -->
  <testcase name="verifyUserAccountCreationPageUsingNewEmail" time="0.0" classname="automationPracticeCloudSufi.sampleTest2">
    <ignored/>
  </testcase> <!-- verifyUserAccountCreationPageUsingNewEmail -->
  <testcase name="verifySignInButtonOnHomePage" time="0.0" classname="automationPracticeCloudSufi.sampleTest2">
    <ignored/>
  </testcase> <!-- verifySignInButtonOnHomePage -->
</testsuite> <!-- Test -->
