<?xml version="1.0" encoding="UTF-8"?>
<!-- Generated by org.testng.reporters.JUnitXMLReporter -->
<testsuite hostname="Admin" ignored="0" name="Test" tests="3" failures="0" timestamp="18 Jan 2019 09:44:58 GMT" time="23.773" errors="0">
  <testcase name="loginTest" time="2.505" classname="Blume2000.loginPageTest"/>
  <testcase name="loginTest" time="1.751" classname="Blume2000.loginPageTest"/>
  <testcase name="registerationTest" time="1.511" classname="Blume2000.homePageTest"/>
</testsuite> <!-- Test -->
