<?xml version="1.0" encoding="UTF-8"?>
<!-- Generated by org.testng.reporters.JUnitXMLReporter -->
<testsuite hostname="Admin" ignored="0" name="Home Page Tests" tests="1" failures="0" timestamp="21 Jan 2019 10:59:38 GMT" time="0.012" errors="0">
  <testcase name="@BeforeTest openBrowser" time="0.01" classname="Blume2000.homePageTest">
    <failure type="java.lang.NoClassDefFoundError" message="org/openqa/selenium/chrome/ChromeDriverService$Builder">
      <![CDATA[java.lang.NoClassDefFoundError: org/openqa/selenium/chrome/ChromeDriverService$Builder
at org.openqa.selenium.chrome.ChromeDriverService.createDefaultService(ChromeDriverService.java:94)
at org.openqa.selenium.chrome.ChromeDriver.<init>(ChromeDriver.java:123)
at resources.BasicVariables.initializeDriver(BasicVariables.java:33)
at Blume2000.homePageTest.openBrowser(homePageTest.java:22)
... Removed 28 stack frames]]>
    </failure>
  </testcase> <!-- @BeforeTest openBrowser -->
  <testcase name="@AfterTest closeBrowser" time="0.0" classname="Blume2000.homePageTest">
    <skipped/>
  </testcase> <!-- @AfterTest closeBrowser -->
  <testcase name="registerationTest" time="0.0" classname="Blume2000.homePageTest">
    <skipped/>
  </testcase> <!-- registerationTest -->
</testsuite> <!-- Home Page Tests -->
