<?xml version="1.0" encoding="UTF-8"?>
<!-- Generated by org.testng.reporters.JUnitXMLReporter -->
<testsuite hostname="Admin" name="Login Page Tests" tests="2" failures="2" timestamp="22 Jan 2019 08:23:26 GMT" time="14.199" errors="0">
  <testcase name="loginTest" time="1.913" classname="Blume2000.loginPageTest">
    <failure type="java.lang.AssertionError" message="expected [Ich2 bin bereits Kunde bei Blume2000.de] but found [Ich bin bereits Kunde bei Blume2000.de]">
      <![CDATA[java.lang.AssertionError: expected [Ich2 bin bereits Kunde bei Blume2000.de] but found [Ich bin bereits Kunde bei Blume2000.de]
	at Blume2000.loginPageTest.loginTest(loginPageTest.java:35)
	at org.apache.maven.surefire.testng.TestNGExecutor.run(TestNGExecutor.java:283)
	at org.apache.maven.surefire.testng.TestNGXmlTestSuite.execute(TestNGXmlTestSuite.java:75)
	at org.apache.maven.surefire.testng.TestNGProvider.invoke(TestNGProvider.java:120)
	at org.apache.maven.surefire.booter.ForkedBooter.invokeProviderInSameClassLoader(ForkedBooter.java:386)
	at org.apache.maven.surefire.booter.ForkedBooter.runSuitesInProcess(ForkedBooter.java:323)
	at org.apache.maven.surefire.booter.ForkedBooter.main(ForkedBooter.java:143)
... Removed 26 stack frames]]>
    </failure>
  </testcase> <!-- loginTest -->
  <testcase name="loginTest" time="1.562" classname="Blume2000.loginPageTest">
    <failure type="java.lang.AssertionError" message="expected [Ich2 bin bereits Kunde bei Blume2000.de] but found [Ich bin bereits Kunde bei Blume2000.de]">
      <![CDATA[java.lang.AssertionError: expected [Ich2 bin bereits Kunde bei Blume2000.de] but found [Ich bin bereits Kunde bei Blume2000.de]
	at Blume2000.loginPageTest.loginTest(loginPageTest.java:35)
	at org.apache.maven.surefire.testng.TestNGExecutor.run(TestNGExecutor.java:283)
	at org.apache.maven.surefire.testng.TestNGXmlTestSuite.execute(TestNGXmlTestSuite.java:75)
	at org.apache.maven.surefire.testng.TestNGProvider.invoke(TestNGProvider.java:120)
	at org.apache.maven.surefire.booter.ForkedBooter.invokeProviderInSameClassLoader(ForkedBooter.java:386)
	at org.apache.maven.surefire.booter.ForkedBooter.runSuitesInProcess(ForkedBooter.java:323)
	at org.apache.maven.surefire.booter.ForkedBooter.main(ForkedBooter.java:143)
... Removed 26 stack frames]]>
    </failure>
  </testcase> <!-- loginTest -->
</testsuite> <!-- Login Page Tests -->
