<?xml version="1.0" encoding="UTF-8"?>
<!-- Generated by org.testng.reporters.JUnitXMLReporter -->
<testsuite hostname="Admin" ignored="0" name="Test" tests="3" failures="0" timestamp="20 Jan 2019 19:01:55 GMT" time="21.503" errors="0">
  <testcase name="loginTest" time="2.361" classname="Blume2000.loginPageTest"/>
  <testcase name="loginTest" time="1.557" classname="Blume2000.loginPageTest"/>
  <testcase name="registerationTest" time="1.239" classname="Blume2000.homePageTest"/>
</testsuite> <!-- Test -->
