<?xml version="1.0" encoding="UTF-8"?>
<!-- Generated by org.testng.reporters.JUnitXMLReporter -->
<testsuite hostname="Admin" ignored="0" name="Test" tests="3" failures="0" timestamp="18 Jan 2019 09:42:29 GMT" time="31.567" errors="0">
  <testcase name="loginTest" time="12.219" classname="Blume2000.loginPageTest"/>
  <testcase name="loginTest" time="4.069" classname="Blume2000.loginPageTest"/>
  <testcase name="registerationTest" time="1.595" classname="Blume2000.homePageTest"/>
</testsuite> <!-- Test -->
