<?xml version="1.0" encoding="UTF-8"?>
<testsuite xmlns:xsi="http://www.w3.org/2001/XMLSchema-instance" xsi:noNamespaceSchemaLocation="https://maven.apache.org/surefire/maven-surefire-plugin/xsd/surefire-test-report-3.0.xsd" version="3.0" name="TestSuite" time="26.261" tests="3" errors="0" skipped="0" failures="0">
  <properties>
[...]
</properties>
  <testcase name="loginTest" classname="Blume2000.loginPageTest" time="2.345"/>
  <testcase name="loginTest" classname="Blume2000.loginPageTest" time="1.872"/>
  <testcase name="registerationTest" classname="Blume2000.homePageTest" time="1.438"/>
</testsuite>