<?xml version="1.0" encoding="UTF-8"?>
<testsuite xmlns:xsi="http://www.w3.org/2001/XMLSchema-instance" xsi:noNamespaceSchemaLocation="https://maven.apache.org/surefire/maven-surefire-plugin/xsd/surefire-test-report.xsd" name="TestSuite" time="26.593" tests="3" errors="0" skipped="0" failures="2">
  <properties>
[...]
</properties>
  <testcase name="loginTest" classname="Blume2000.loginPageTest" time="1.926">
    <failure message="expected [Ich2 bin bereits Kunde bei Blume2000.de] but found [Ich bin bereits Kunde bei Blume2000.de]" type="java.lang.AssertionError">java.lang.AssertionError: expected [Ich2 bin bereits Kunde bei Blume2000.de] but found [Ich bin bereits Kunde bei Blume2000.de]
	at Blume2000.loginPageTest.loginTest(loginPageTest.java:35)
</failure>
    <system-out><![CDATA[The browser used for the test is chrome
]]></system-out>
    <system-err><![CDATA[Starting ChromeDriver 2.38.552522 (437e6fbedfa8762dec75e2c5b3ddb86763dc9dcb) on port 4521
Only local connections are allowed.
Jan 22, 2019 1:53:15 PM org.openqa.selenium.remote.ProtocolHandshake createSession
INFO: Detected dialect: OSS
]]></system-err>
  </testcase>
  <testcase name="loginTest" classname="Blume2000.loginPageTest" time="1.561">
    <failure message="expected [Ich2 bin bereits Kunde bei Blume2000.de] but found [Ich bin bereits Kunde bei Blume2000.de]" type="java.lang.AssertionError">java.lang.AssertionError: expected [Ich2 bin bereits Kunde bei Blume2000.de] but found [Ich bin bereits Kunde bei Blume2000.de]
	at Blume2000.loginPageTest.loginTest(loginPageTest.java:35)
</failure>
  </testcase>
  <testcase name="registerationTest" classname="Blume2000.homePageTest" time="1.684"/>
</testsuite>